<?xml version="1.0" encoding="utf-8"?><testsuites name="pytest tests"><testsuite name="pytest" errors="0" failures="0" skipped="0" tests="51" time="8.816" timestamp="2026-05-25T20:20:26.635387+00:00" hostname="agent-env-2af0199c-1d51-48e4-bb9e-076df24abcbf"><testcase classname="backend.tests.test_iteration2_features.TestClockInOut" name="test_clock_in_records_today" time="0.625" /><testcase classname="backend.tests.test_iteration2_features.TestClockInOut" name="test_clock_out_preserves_clock_in_and_computes_hours" time="0.129" /><testcase classname="backend.tests.test_iteration2_features.TestPartialMergeAttendance" name="test_partial_merge_preserves_clock_out" time="0.121" /><testcase classname="backend.tests.test_iteration2_features.TestPartialMergeAttendance" name="test_partial_merge_preserves_clock_in" time="0.063" /><testcase classname="backend.tests.test_iteration2_features.TestEmployeeReport" name="test_employee_can_view_own_report" time="0.074" /><testcase classname="backend.tests.test_iteration2_features.TestEmployeeReport" name="test_employee_cannot_view_others_report" time="0.396" /><testcase classname="backend.tests.test_iteration2_features.TestEmployeeReport" name="test_admin_can_view_any_report" time="0.361" /><testcase classname="backend.tests.test_iteration2_features.TestEmployeeReport" name="test_admin_report_for_unknown_user_returns_404" time="0.057" /><testcase classname="backend.tests.test_iteration2_features.TestEmployeeReport" name="test_report_reflects_approved_leave" time="0.064" /><testcase classname="backend.tests.test_iteration2_features.TestPatchUser" name="test_admin_can_update_full_name_and_annual_balance" time="0.236" /><testcase classname="backend.tests.test_iteration2_features.TestPatchUser" name="test_admin_can_update_sick_and_comp_off_balance" time="0.166" /><testcase classname="backend.tests.test_iteration2_features.TestPatchUser" name="test_employee_cannot_patch_user" time="0.052" /><testcase classname="backend.tests.test_iteration3_calendar.TestCalendarShape" name="test_200_basic_shape_june_2026" time="0.185" /><testcase classname="backend.tests.test_iteration3_calendar.TestCalendarShape" name="test_each_day_has_required_fields" time="0.083" /><testcase classname="backend.tests.test_iteration3_calendar.TestCalendarShape" name="test_summary_fields_present" time="0.110" /><testcase classname="backend.tests.test_iteration3_calendar.TestCalendarAccess" name="test_employee_can_access" time="0.078" /><testcase classname="backend.tests.test_iteration3_calendar.TestCalendarAccess" name="test_warehouse_employee_can_access" time="0.074" /><testcase classname="backend.tests.test_iteration3_calendar.TestCalendarAccess" name="test_unauthenticated_rejected" time="0.093" /><testcase classname="backend.tests.test_iteration3_calendar.TestCalendarAccess" name="test_invalid_month_high" time="0.063" /><testcase classname="backend.tests.test_iteration3_calendar.TestCalendarAccess" name="test_invalid_month_low" time="0.055" /><testcase classname="backend.tests.test_iteration3_calendar.TestCalendarBusinessLogic" name="test_weekday_no_coverage_is_critical" time="0.060" /><testcase classname="backend.tests.test_iteration3_calendar.TestCalendarBusinessLogic" name="test_summary_counts_match_day_statuses" time="0.063" /><testcase classname="backend.tests.test_iteration3_calendar.TestCalendarBusinessLogic" name="test_approved_leaves_count_matches_days_leaves" time="0.069" /><testcase classname="backend.tests.test_iteration3_calendar.TestCalendarBusinessLogic" name="test_approved_leave_reduces_coverage" time="1.681" /><testcase classname="backend.tests.test_iteration3_calendar.TestCalendarRegression" name="test_does_not_break_existing_endpoints" time="0.122" /><testcase classname="backend.tests.test_warehouse_backend.TestHealth" name="test_health_ok" time="0.058" /><testcase classname="backend.tests.test_warehouse_backend.TestAuth" name="test_login_manager_success" time="0.288" /><testcase classname="backend.tests.test_warehouse_backend.TestAuth" name="test_login_wrong_password" time="0.280" /><testcase classname="backend.tests.test_warehouse_backend.TestAuth" name="test_me_returns_current_user" time="0.058" /><testcase classname="backend.tests.test_warehouse_backend.TestAuth" name="test_me_requires_auth" time="0.056" /><testcase classname="backend.tests.test_warehouse_backend.TestRegistrationApproval" name="test_register_creates_pending_user" time="0.281" /><testcase classname="backend.tests.test_warehouse_backend.TestRegistrationApproval" name="test_login_pending_returns_403" time="0.277" /><testcase classname="backend.tests.test_warehouse_backend.TestRegistrationApproval" name="test_approve_pending_user" time="0.064" /><testcase classname="backend.tests.test_warehouse_backend.TestRegistrationApproval" name="test_login_after_approval" time="0.284" /><testcase classname="backend.tests.test_warehouse_backend.TestUsers" name="test_list_users_as_admin" time="0.056" /><testcase classname="backend.tests.test_warehouse_backend.TestUsers" name="test_patch_user_default_shift" time="0.268" /><testcase classname="backend.tests.test_warehouse_backend.TestSchedule" name="test_generate_rejects_non_monday" time="0.071" /><testcase classname="backend.tests.test_warehouse_backend.TestSchedule" name="test_generate_schedule" time="0.139" /><testcase classname="backend.tests.test_warehouse_backend.TestSchedule" name="test_employee_cannot_generate" time="0.054" /><testcase classname="backend.tests.test_warehouse_backend.TestSchedule" name="test_get_schedules_range" time="0.064" /><testcase classname="backend.tests.test_warehouse_backend.TestAttendance" name="test_mark_attendance_self" time="0.116" /><testcase classname="backend.tests.test_warehouse_backend.TestAttendance" name="test_employee_only_sees_own_attendance" time="0.053" /><testcase classname="backend.tests.test_warehouse_backend.TestLeaves" name="test_apply_emergency_leave_bypass_coverage" time="0.054" /><testcase classname="backend.tests.test_warehouse_backend.TestLeaves" name="test_apply_annual_leave_future" time="0.053" /><testcase classname="backend.tests.test_warehouse_backend.TestLeaves" name="test_apply_annual_leave_within_schedule_succeed_or_block" time="0.338" /><testcase classname="backend.tests.test_warehouse_backend.TestLeaves" name="test_approve_emergency_leave_decrements_and_updates_schedule" time="0.112" /><testcase classname="backend.tests.test_warehouse_backend.TestLeaves" name="test_approve_annual_decrements_balance" time="0.406" /><testcase classname="backend.tests.test_warehouse_backend.TestLeaves" name="test_employee_cannot_approve_leave" time="0.065" /><testcase classname="backend.tests.test_warehouse_backend.TestLeaves" name="test_employee_cannot_approve_user" time="0.059" /><testcase classname="backend.tests.test_warehouse_backend.TestDashboard" name="test_manager_dashboard_has_admin_block" time="0.059" /><testcase classname="backend.tests.test_warehouse_backend.TestDashboard" name="test_employee_dashboard_no_admin_block" time="0.058" /></testsuite></testsuites>