<?xml version="1.0" encoding="utf-8"?><testsuites name="pytest tests"><testsuite name="pytest" errors="0" failures="0" skipped="0" tests="26" time="4.560" timestamp="2026-05-25T16:36:12.811711+00:00" hostname="agent-env-2af0199c-1d51-48e4-bb9e-076df24abcbf"><testcase classname="backend.tests.test_warehouse_backend.TestHealth" name="test_health_ok" time="0.259" /><testcase classname="backend.tests.test_warehouse_backend.TestAuth" name="test_login_manager_success" time="0.301" /><testcase classname="backend.tests.test_warehouse_backend.TestAuth" name="test_login_wrong_password" time="0.274" /><testcase classname="backend.tests.test_warehouse_backend.TestAuth" name="test_me_returns_current_user" time="0.325" /><testcase classname="backend.tests.test_warehouse_backend.TestAuth" name="test_me_requires_auth" time="0.053" /><testcase classname="backend.tests.test_warehouse_backend.TestRegistrationApproval" name="test_register_creates_pending_user" time="0.271" /><testcase classname="backend.tests.test_warehouse_backend.TestRegistrationApproval" name="test_login_pending_returns_403" time="0.270" /><testcase classname="backend.tests.test_warehouse_backend.TestRegistrationApproval" name="test_approve_pending_user" time="0.054" /><testcase classname="backend.tests.test_warehouse_backend.TestRegistrationApproval" name="test_login_after_approval" time="0.272" /><testcase classname="backend.tests.test_warehouse_backend.TestUsers" name="test_list_users_as_admin" time="0.056" /><testcase classname="backend.tests.test_warehouse_backend.TestUsers" name="test_patch_user_default_shift" time="0.207" /><testcase classname="backend.tests.test_warehouse_backend.TestSchedule" name="test_generate_rejects_non_monday" time="0.076" /><testcase classname="backend.tests.test_warehouse_backend.TestSchedule" name="test_generate_schedule" time="0.101" /><testcase classname="backend.tests.test_warehouse_backend.TestSchedule" name="test_employee_cannot_generate" time="0.324" /><testcase classname="backend.tests.test_warehouse_backend.TestSchedule" name="test_get_schedules_range" time="0.060" /><testcase classname="backend.tests.test_warehouse_backend.TestAttendance" name="test_mark_attendance_self" time="0.101" /><testcase classname="backend.tests.test_warehouse_backend.TestAttendance" name="test_employee_only_sees_own_attendance" time="0.051" /><testcase classname="backend.tests.test_warehouse_backend.TestLeaves" name="test_apply_emergency_leave_bypass_coverage" time="0.331" /><testcase classname="backend.tests.test_warehouse_backend.TestLeaves" name="test_apply_annual_leave_future" time="0.051" /><testcase classname="backend.tests.test_warehouse_backend.TestLeaves" name="test_apply_annual_leave_within_schedule_succeed_or_block" time="0.326" /><testcase classname="backend.tests.test_warehouse_backend.TestLeaves" name="test_approve_emergency_leave_decrements_and_updates_schedule" time="0.106" /><testcase classname="backend.tests.test_warehouse_backend.TestLeaves" name="test_approve_annual_decrements_balance" time="0.408" /><testcase classname="backend.tests.test_warehouse_backend.TestLeaves" name="test_employee_cannot_approve_leave" time="0.052" /><testcase classname="backend.tests.test_warehouse_backend.TestLeaves" name="test_employee_cannot_approve_user" time="0.049" /><testcase classname="backend.tests.test_warehouse_backend.TestDashboard" name="test_manager_dashboard_has_admin_block" time="0.063" /><testcase classname="backend.tests.test_warehouse_backend.TestDashboard" name="test_employee_dashboard_no_admin_block" time="0.068" /></testsuite></testsuites>